1615874616489	geckodriver	INFO	Listening on 127.0.0.1:55300
1615874619511	mozrunner::runner	INFO	Running command: "C:\\Program Files\\Mozilla Firefox\\firefox.exe" "--marionette" "-foreground" "-no-remote" "-profile" "C:\\Users\\SHIVAM~1\\AppData\\Local\\Temp\\rust_mozprofileiYMjWj"
JavaScript error: resource://gre/modules/XULStore.jsm, line 66: Error: Can't find profile directory.
console.warn: SearchSettings: "get: No settings file exists, new profile?" (new Error("", "(unknown module)"))
1615874625867	Marionette	INFO	Listening on port 55309
1615874625989	Marionette	WARN	TLS certificate errors will be ignored for this session
JavaScript error: resource://activity-stream/lib/ASRouter.jsm, line 988: NS_ERROR_ILLEGAL_VALUE: Component returned failure code: 0x80070057 (NS_ERROR_ILLEGAL_VALUE) [nsIObserverService.removeObserver]
1615874699469	Marionette	INFO	Stopped listening on port 55309

###!!! [Child][RunMessage] Error: Channel closing: too late to send/recv, messages will be lost

1615874702715	geckodriver	INFO	Listening on 127.0.0.1:55451
1615874705731	mozrunner::runner	INFO	Running command: "C:\\Program Files\\Mozilla Firefox\\firefox.exe" "--marionette" "-foreground" "-no-remote" "-profile" "C:\\Users\\SHIVAM~1\\AppData\\Local\\Temp\\rust_mozprofileSg7fhn"
JavaScript error: resource://gre/modules/XULStore.jsm, line 66: Error: Can't find profile directory.
console.warn: SearchSettings: "get: No settings file exists, new profile?" (new Error("", "(unknown module)"))
1615874713573	Marionette	INFO	Listening on port 55461
1615874713691	Marionette	WARN	TLS certificate errors will be ignored for this session
JavaScript error: resource://activity-stream/lib/ASRouter.jsm, line 988: NS_ERROR_ILLEGAL_VALUE: Component returned failure code: 0x80070057 (NS_ERROR_ILLEGAL_VALUE) [nsIObserverService.removeObserver]
1615874733023	Marionette	INFO	Stopped listening on port 55461

###!!! [Child][RunMessage] Error: Channel closing: too late to send/recv, messages will be lost

1615874818960	geckodriver	INFO	Listening on 127.0.0.1:58271
1615874822002	mozrunner::runner	INFO	Running command: "C:\\Program Files\\Mozilla Firefox\\firefox.exe" "--marionette" "-foreground" "-no-remote" "-profile" "C:\\Users\\SHIVAM~1\\AppData\\Local\\Temp\\rust_mozprofilejlJIPd"
JavaScript error: resource://gre/modules/XULStore.jsm, line 66: Error: Can't find profile directory.
console.warn: SearchSettings: "get: No settings file exists, new profile?" (new Error("", "(unknown module)"))
1615874828654	Marionette	INFO	Listening on port 58281
1615874828979	Marionette	WARN	TLS certificate errors will be ignored for this session
1615874891086	Marionette	INFO	Stopped listening on port 58281

###!!! [Child][RunMessage] Error: Channel closing: too late to send/recv, messages will be lost

1615874988275	geckodriver	INFO	Listening on 127.0.0.1:51735
1615874991263	mozrunner::runner	INFO	Running command: "C:\\Program Files\\Mozilla Firefox\\firefox.exe" "--marionette" "-foreground" "-no-remote" "-profile" "C:\\Users\\SHIVAM~1\\AppData\\Local\\Temp\\rust_mozprofile4KnLRI"
JavaScript error: resource://gre/modules/XULStore.jsm, line 66: Error: Can't find profile directory.
console.warn: SearchSettings: "get: No settings file exists, new profile?" (new Error("", "(unknown module)"))
1615874996226	Marionette	INFO	Listening on port 51744
1615874996617	Marionette	WARN	TLS certificate errors will be ignored for this session
JavaScript error: resource://activity-stream/lib/ASRouter.jsm, line 988: NS_ERROR_ILLEGAL_VALUE: Component returned failure code: 0x80070057 (NS_ERROR_ILLEGAL_VALUE) [nsIObserverService.removeObserver]
1615875029596	Marionette	INFO	Stopped listening on port 51744

###!!! [Child][RunMessage] Error: Channel closing: too late to send/recv, messages will be lost

1615875140337	geckodriver	INFO	Listening on 127.0.0.1:50532
1615875143362	mozrunner::runner	INFO	Running command: "C:\\Program Files\\Mozilla Firefox\\firefox.exe" "--marionette" "-foreground" "-no-remote" "-profile" "C:\\Users\\SHIVAM~1\\AppData\\Local\\Temp\\rust_mozprofilewEtgV8"
JavaScript error: resource://gre/modules/XULStore.jsm, line 66: Error: Can't find profile directory.
console.warn: SearchSettings: "get: No settings file exists, new profile?" (new Error("", "(unknown module)"))
1615875150232	Marionette	INFO	Listening on port 50541
1615875150323	Marionette	WARN	TLS certificate errors will be ignored for this session
1615875185405	Marionette	INFO	Stopped listening on port 50541

###!!! [Child][RunMessage] Error: Channel closing: too late to send/recv, messages will be lost

1615875193420	geckodriver	INFO	Listening on 127.0.0.1:61345
1615875196444	mozrunner::runner	INFO	Running command: "C:\\Program Files\\Mozilla Firefox\\firefox.exe" "--marionette" "-foreground" "-no-remote" "-profile" "C:\\Users\\SHIVAM~1\\AppData\\Local\\Temp\\rust_mozprofilekAxmWw"
JavaScript error: resource://gre/modules/XULStore.jsm, line 66: Error: Can't find profile directory.
console.warn: SearchSettings: "get: No settings file exists, new profile?" (new Error("", "(unknown module)"))
1615875203566	Marionette	INFO	Listening on port 61354
1615875204034	Marionette	WARN	TLS certificate errors will be ignored for this session
1615875744718	Marionette	INFO	Stopped listening on port 61354

###!!! [Child][RunMessage] Error: Channel closing: too late to send/recv, messages will be lost

"--marionette" "-foreground" "-no-remote" "-profile" "C:\\Users\\SHIVAM~1\\AppData\\Local\\Temp\\rust_mozprofilevKzR4C"
JavaScript error: resource://gre/modules/XULStore.jsm, line 66: Error: Can't find profile directory.
console.warn: SearchSettings: "get: No settings file exists, new profile?" (new Error("", "(unknown module)"))
1615875608156	Marionette	INFO	Listening on port 55164
1615875608206	Marionette	WARN	TLS certificate errors will be ignored for this session
1615875643222	Marionette	INFO	Stopped listening on port 55164

###!!! [Child][RunMessage] Error: Channel closing: too late to send/recv, messages will be lost

1615875791703	geckodriver	INFO	Listening on 127.0.0.1:58837
1615875794715	mozrunner::runner	INFO	Running command: "C:\\Program Files\\Mozilla Firefox\\firefox.exe" "--marionette" "-foreground" "-no-remote" "-profile" "C:\\Users\\SHIVAM~1\\AppData\\Local\\Temp\\rust_mozprofilezuvxpN"
JavaScript error: resource://gre/modules/XULStore.jsm, line 66: Error: Can't find profile directory.
console.warn: SearchSettings: "get: No settings file exists, new profile?" (new Error("", "(unknown module)"))
JavaScript error: resource://activity-stream/lib/ActivityStreamPrefs.jsm, line 27: NS_ERROR_ILLEGAL_VALUE: Component returned failure code: 0x80070057 (NS_ERROR_ILLEGAL_VALUE) [nsIPrefBranch.removeObserver]
JavaScript error: resource://activity-stream/lib/ASRouterNewTabHook.jsm, line 61: TypeError: this._router is null
console.error: Region.jsm: "Error fetching region" (new TypeError("NetworkError when attempting to fetch resource.", ""))
console.error: Region.jsm: "Failed to fetch region" (new Error("NO_RESULT", "resource://gre/modules/Region.jsm", 422))
JavaScript error: resource://gre/modules/JSONFile.jsm, line 196: Error: Data is not ready.
JavaScript error: resource://gre/modules/JSONFile.jsm, line 196: Error: Data is not ready.
JavaScript error: resource://pdf.js/PdfJs.jsm, line 163: NS_ERROR_XPC_JAVASCRIPT_ERROR_WITH_DETAILS: [JavaScript Error: "Data is not ready." {file: "resource://gre/modules/JSONFile.jsm" line: 196}]'[JavaScript Error: "Data is not ready." {file: "resource://gre/modules/JSONFile.jsm" line: 196}]' when calling method: [nsIHandlerService::exists]
JavaScript error: resource://activity-stream/lib/PlacesFeed.jsm, line 184: NS_ERROR_UNEXPECTED: Component returned failure code: 0x8000ffff (NS_ERROR_UNEXPECTED) [nsINavHistoryService.addObserver]
JavaScript error: resource://gre/modules/ExtensionSettingsStore.jsm, line 122: Error: The ExtensionSettingsStore was accessed before the initialize promise resolved.
console.log: "RemoteSettingsWorker error: Error: Can't import when we've started shutting down."
console.log: "RemoteSettingsWorker error: Error: Can't import when we've started shutting down."
console.log: "RemoteSettingsWorker error: Error: Can't import when we've started shutting down."
console.log: "RemoteSettingsWorker error: Error: Can't import when we've started shutting down."
console.error: "Could not load engine google@search.mozilla.org: [Exception... \"AddonManager is not initialized\"  nsresult: \"0xc1f30001 (NS_ERROR_NOT_INITIALIZED)\"  location: \"JS frame :: resource://gre/modules/AddonManager.jsm :: installBuiltinAddon :: line 2550\"  data: no]"
console.error: "Could not load engine amazondotcom@search.mozilla.org: [Exception... \"AddonManager is not initialized\"  nsresult: \"0xc1f30001 (NS_ERROR_NOT_INITIALIZED)\"  location: \"JS frame :: resource://gre/modules/AddonManager.jsm :: installBuiltinAddon :: line 2550\"  data: no]"
console.error: "Could not load engine wikipedia@search.mozilla.org: [Exception... \"AddonManager is not initialized\"  nsresult: \"0xc1f30001 (NS_ERROR_NOT_INITIALIZED)\"  location: \"JS frame :: resource://gre/modules/AddonManager.jsm :: installBuiltinAddon :: line 2550\"  data: no]"
console.error: "Could not load engine bing@search.mozilla.org: [Exception... \"AddonManager is not initialized\"  nsresult: \"0xc1f30001 (NS_ERROR_NOT_INITIALIZED)\"  location: \"JS frame :: resource://gre/modules/AddonManager.jsm :: installBuiltinAddon :: line 2550\"  data: no]"
console.error: "Could not load engine ddg@search.mozilla.org: [Exception... \"AddonManager is not initialized\"  nsresult: \"0xc1f30001 (NS_ERROR_NOT_INITIALIZED)\"  location: \"JS frame :: resource://gre/modules/AddonManager.jsm :: installBuiltinAddon :: line 2550\"  data: no]"
console.warn: SearchService: "_init: abandoning init due to shutting down"
JavaScript error: resource://gre/modules/AsyncShutdown.jsm, line 573: uncaught exception: 2147500036
JavaScript error: resource://gre/modules/AsyncShutdown.jsm, line 573: uncaught exception: 2147500036
JavaScript error: resource://gre/modules/AsyncShutdown.jsm, line 573: uncaught exception: 2147500036
JavaScript error: resource://gre/modules/AsyncShutdown.jsm, line 573: uncaught exception: 2147500036
JavaScript error: resource://gre/modules/AsyncShutdown.jsm, line 573: uncaught exception: 2147500036
console.log: "RemoteSettingsWorker error: Error: Can't import when we've started shutting down."
console.error: PushService: 
  stateChangeProcessEnqueue: Error transitioning state
  AbortError
console.error: PushService: 
  clearOriginData: Error clearing origin data:
  AbortError

###!!! [Child][RunMessage] Error: Channel closing: too late to send/recv, messages will be lost

1615876034669	geckodriver	INFO	Listening on 127.0.0.1:58935
1615876037680	mozrunner::runner	INFO	Running command: "C:\\Program Files\\Mozilla Firefox\\firefox.exe" "--marionette" "-foreground" "-no-remote" "-profile" "C:\\Users\\SHIVAM~1\\AppData\\Local\\Temp\\rust_mozprofile5Chgxd"
JavaScript error: resource://gre/modules/XULStore.jsm, line 66: Error: Can't find profile directory.
console.warn: SearchSettings: "get: No settings file exists, new profile?" (new Error("", "(unknown module)"))
console.error: Region.jsm: "Error fetching region" (new Error("TIMEOUT", "resource://gre/modules/Region.jsm", 775))
console.error: Region.jsm: "Failed to fetch region" (new Error("TIMEOUT", "resource://gre/modules/Region.jsm", 422))
1615876047259	Marionette	INFO	Listening on port 58943
1615876047313	Marionette	WARN	TLS certificate errors will be ignored for this session
JavaScript error: resource://activity-stream/lib/ASRouter.jsm, line 988: NS_ERROR_ILLEGAL_VALUE: Component returned failure code: 0x80070057 (NS_ERROR_ILLEGAL_VALUE) [nsIObserverService.removeObserver]
1615876431516	Marionette	INFO	Stopped listening on port 58943

###!!! [Child][RunMessage] Error: Channel closing: too late to send/recv, messages will be lost

rofile directory.
console.warn: SearchSettings: "get: No settings file exists, new profile?" (new Error("", "(unknown module)"))
1615876185485	Marionette	INFO	Listening on port 51195
1615876185872	Marionette	WARN	TLS certificate errors will be ignored for this session
JavaScript error: resource://activity-stream/lib/ASRouter.jsm, line 988: NS_ERROR_ILLEGAL_VALUE: Component returned failure code: 0x80070057 (NS_ERROR_ILLEGAL_VALUE) [nsIObserverService.removeObserver]
1615878528791	Marionette	INFO	Stopped listening on port 51195

###!!! [Child][RunMessage] Error: Channel closing: too late to send/recv, messages will be lost

rofile directory.
console.warn: SearchSettings: "get: No settings file exists, new profile?" (new Error("", "(unknown module)"))
1615876440498	Marionette	INFO	Listening on port 55085
1615876440802	Marionette	WARN	TLS certificate errors will be ignored for this session
JavaScript error: resource://activity-stream/lib/ASRouter.jsm, line 988: NS_ERROR_ILLEGAL_VALUE: Component returned failure code: 0x80070057 (NS_ERROR_ILLEGAL_VALUE) [nsIObserverService.removeObserver]
1615878538840	Marionette	INFO	Stopped listening on port 55085

###!!! [Child][RunMessage] Error: Channel closing: too late to send/recv, messages will be lost

rofile directory.
console.warn: SearchSettings: "get: No settings file exists, new profile?" (new Error("", "(unknown module)"))
1615876538466	Marionette	INFO	Listening on port 50621
1615876538785	Marionette	WARN	TLS certificate errors will be ignored for this session
JavaScript error: resource://activity-stream/lib/ASRouter.jsm, line 988: NS_ERROR_ILLEGAL_VALUE: Component returned failure code: 0x80070057 (NS_ERROR_ILLEGAL_VALUE) [nsIObserverService.removeObserver]
1615876558878	Marionette	INFO	Stopped listening on port 50621

###!!! [Child][RunMessage] Error: Channel closing: too late to send/recv, messages will be lost

1615876578062	geckodriver	INFO	Listening on 127.0.0.1:64713
1615876581989	mozrunner::runner	INFO	Running command: "C:\\Program Files\\Mozilla Firefox\\firefox.exe" "--marionette" "-foreground" "-no-remote" "-profile" "C:\\Users\\SHIVAM~1\\AppData\\Local\\Temp\\rust_mozprofilezvbpKo"
JavaScript error: resource://gre/modules/XULStore.jsm, line 66: Error: Can't find profile directory.
console.warn: SearchSettings: "get: No settings file exists, new profile?" (new Error("", "(unknown module)"))
1615876589653	Marionette	INFO	Listening on port 64724
1615876589935	Marionette	WARN	TLS certificate errors will be ignored for this session
console.error: Region.jsm: "Error fetching region" (new Error("TIMEOUT", "resource://gre/modules/Region.jsm", 775))
console.error: Region.jsm: "Failed to fetch region" (new Error("TIMEOUT", "resource://gre/modules/Region.jsm", 422))
console.warn: LoginRecipes: "getRecipes: falling back to a synchronous message for:" "https://qa-staging.cloud.aws.tenablesecurity.com"
JavaScript error: resource://activity-stream/lib/ASRouter.jsm, line 988: NS_ERROR_ILLEGAL_VALUE: Component returned failure code: 0x80070057 (NS_ERROR_ILLEGAL_VALUE) [nsIObserverService.removeObserver]
[Parent 17388, IPC I/O Parent] WARNING: file /builds/worker/checkouts/gecko/ipc/chromium/src/base/process_util_win.cc:167
1615878539014	Marionette	INFO	Stopped listening on port 64724

###!!! [Child][RunMessage] Error: Channel closing: too late to send/recv, messages will be lost

le)"))
1615876890349	Marionette	INFO	Listening on port 53233
1615876890527	Marionette	WARN	TLS certificate errors will be ignored for this session
[Parent 15516, IPC I/O Parent] WARNING: file /builds/worker/checkouts/gecko/ipc/chromium/src/base/process_util_win.cc:167
1615878539157	Marionette	INFO	Stopped listening on port 53233

###!!! [Child][RunMessage] Error: Channel closing: too late to send/recv, messages will be lost

1615897615688	geckodriver	INFO	Listening on 127.0.0.1:53218
1615897618720	mozrunner::runner	INFO	Running command: "C:\\Program Files\\Mozilla Firefox\\firefox.exe" "--marionette" "-foreground" "-no-remote" "-profile" "C:\\Users\\SHIVAM~1\\AppData\\Local\\Temp\\rust_mozprofile1SzYVA"
JavaScript error: resource://gre/modules/XULStore.jsm, line 66: Error: Can't find profile directory.
console.warn: SearchSettings: "get: No settings file exists, new profile?" (new Error("", "(unknown module)"))
1615897627462	Marionette	INFO	Listening on port 53227
1615897627834	Marionette	WARN	TLS certificate errors will be ignored for this session
JavaScript error: resource://activity-stream/lib/ASRouter.jsm, line 988: NS_ERROR_ILLEGAL_VALUE: Component returned failure code: 0x80070057 (NS_ERROR_ILLEGAL_VALUE) [nsIObserverService.removeObserver]
1615897788933	Marionette	INFO	Stopped listening on port 53227

###!!! [Child][RunMessage] Error: Channel closing: too late to send/recv, messages will be lost

rofile directory.
console.warn: SearchSettings: "get: No settings file exists, new profile?" (new Error("", "(unknown module)"))
console.error: "Could not write session state file " (new Error("_initWorker called too early! Please read the session file from disk first.", "resource:///modules/sessionstore/SessionFile.jsm", 375)) "_initWorker/<@resource:///modules/sessionstore/SessionFile.jsm:375:15\n_initWorker@resource:///modules/sessionstore/SessionFile.jsm:368:12\n_postToWorker@resource:///modules/sessionstore/SessionFile.jsm:410:16\nwrite@resource:///modules/sessionstore/SessionFile.jsm:448:24\nwrite@resource:///modules/sessionstore/SessionFile.jsm:75:32\n_writeState@resource:///modules/sessionstore/SessionSaver.jsm:360:24\n_saveState@resource:///modules/sessionstore/SessionSaver.jsm:294:17\n_saveStateAsync@resource:///modules/sessionstore/SessionSaver.jsm:344:10\nsaveStateAsyncWhenIdle@resource:///modules/sessionstore/SessionSaver.jsm:191:14\ncallback@resource://gre/modules/Timer.jsm:127:16\n"
1615897796148	Marionette	INFO	Listening on port 51658
1615897796606	Marionette	WARN	TLS certificate errors will be ignored for this session
JavaScript error: resource://activity-stream/lib/ASRouter.jsm, line 988: NS_ERROR_ILLEGAL_VALUE: Component returned failure code: 0x80070057 (NS_ERROR_ILLEGAL_VALUE) [nsIObserverService.removeObserver]
1615897840486	Marionette	INFO	Stopped listening on port 51658

###!!! [Child][RunMessage] Error: Channel closing: too late to send/recv, messages will be lost

1615897867097	geckodriver	INFO	Listening on 127.0.0.1:51729
1615897870069	mozrunner::runner	INFO	Running command: "C:\\Program Files\\Mozilla Firefox\\firefox.exe" "--marionette" "-foreground" "-no-remote" "-profile" "C:\\Users\\SHIVAM~1\\AppData\\Local\\Temp\\rust_mozprofileTLPPd9"
JavaScript error: resource://gre/modules/XULStore.jsm, line 66: Error: Can't find profile directory.
console.warn: SearchSettings: "get: No settings file exists, new profile?" (new Error("", "(unknown module)"))
1615897874711	Marionette	INFO	Listening on port 51737
1615897874882	Marionette	WARN	TLS certificate errors will be ignored for this session
JavaScript error: resource://activity-stream/lib/ASRouter.jsm, line 988: NS_ERROR_ILLEGAL_VALUE: Component returned failure code: 0x80070057 (NS_ERROR_ILLEGAL_VALUE) [nsIObserverService.removeObserver]
[Parent 11268, IPC I/O Parent] WARNING: file /builds/worker/checkouts/gecko/ipc/chromium/src/base/process_util_win.cc:167
1615898301178	Marionette	INFO	Stopped listening on port 51737

###!!! [Child][RunMessage] Error: Channel closing: too late to send/recv, messages will be lost

1615898303363	geckodriver	INFO	Listening on 127.0.0.1:59046
1615898306415	mozrunner::runner	INFO	Running command: "C:\\Program Files\\Mozilla Firefox\\firefox.exe" "--marionette" "-foreground" "-no-remote" "-profile" "C:\\Users\\SHIVAM~1\\AppData\\Local\\Temp\\rust_mozprofiles98TZz"
JavaScript error: resource://gre/modules/XULStore.jsm, line 66: Error: Can't find profile directory.
console.warn: SearchSettings: "get: No settings file exists, new profile?" (new Error("", "(unknown module)"))
1615898312591	Marionette	INFO	Listening on port 59055
1615898312758	Marionette	WARN	TLS certificate errors will be ignored for this session
JavaScript error: resource://activity-stream/lib/ASRouter.jsm, line 988: NS_ERROR_ILLEGAL_VALUE: Component returned failure code: 0x80070057 (NS_ERROR_ILLEGAL_VALUE) [nsIObserverService.removeObserver]
1615898333830	Marionette	INFO	Stopped listening on port 59055

###!!! [Child][RunMessage] Error: Channel closing: too late to send/recv, messages will be lost

1615898363990	geckodriver	INFO	Listening on 127.0.0.1:59125
1615898366964	mozrunner::runner	INFO	Running command: "C:\\Program Files\\Mozilla Firefox\\firefox.exe" "--marionette" "-foreground" "-no-remote" "-profile" "C:\\Users\\SHIVAM~1\\AppData\\Local\\Temp\\rust_mozprofile0aHrAY"
JavaScript error: resource://gre/modules/XULStore.jsm, line 66: Error: Can't find profile directory.
console.warn: SearchSettings: "get: No settings file exists, new profile?" (new Error("", "(unknown module)"))
1615898372336	Marionette	INFO	Listening on port 59134
1615898372804	Marionette	WARN	TLS certificate errors will be ignored for this session
JavaScript error: resource://activity-stream/lib/ASRouter.js1615898493223	mozrunner::runner	INFO	Running command: "C:\\Program Files\\Mozilla Firefox\\firefox.exe" "--marionette" "-foreground" "-no-remot1615898494155	Marionette	INFO	Stopped listening on port 59134

###!!! [Child][RJavaScript error: resource://gre/modules/XULStore.jsm, line 66: Error: Can't find profile directory.
console.warn: SearchSettings: "get: No settings file exists, new profile?" (new Error("", "(unknown module)"))

###!!! [Child][RunMessage] Error: Channel closing: too late to send/recv, messages will be lost

console.error: Region.jsm: "Error fetching region" (new Error("TIMEOUT", "resource://gre/modules/Region.jsm", 775))
console.error: Region.jsm: "Failed to fetch region" (new Error("TIMEOUT", "resource://gre/modules/Region.jsm", 422))
1615898506056	Marionette	INFO	Listening on port 59221
1615898507413	Marionette	WARN	TLS certificate errors will be ignored for this session
JavaScript error: resource://activity-stream/lib/ASRouter.jsm, line 988: NS_ERROR_ILLEGAL_VALUE: Component returned failure code: 0x80070057 (NS_ERROR_ILLEGAL_VALUE) [nsIObserverService.removeObserver]
[Parent 17988, IPC I/O Parent] WARNING: file /builds/worker/checkouts/gecko/ipc/chromium/src/base/process_util_win.cc:167
1615898525703	Marionette	INFO	Stopped listening on port 59221

###!!! [Child][RunMessage] Error: Channel closing: too late to send/recv, messages will be lost

1647858555247	geckodriver	INFO	Listening on 127.0.0.1:55599
1647858558286	mozrunner::runner	INFO	Running command: "C:\\Program Files\\Mozilla Firefox\\firefox.exe" "--marionette" "--remote-debugging-port" "55600" "-no-remote" "-profile" "C:\\Users\\SHIVAM~1\\AppData\\Local\\Temp\\rust_mozprofilewJjXEg"
1647858559417	Marionette	INFO	Marionette enabled
console.warn: SearchSettings: "get: No settings file exists, new profile?" (new NotFoundError("Could not open the file at C:\\Users\\shivam_acharya\\AppData\\Local\\Temp\\rust_mozprofilewJjXEg\\search.json.mozlz4", (void 0)))
DevTools listening on ws://localhost:55600/devtools/browser/2c0d1d40-925c-46ef-843b-de5906102faa
1647858567089	Marionette	INFO	Listening on port 55608
1647858568832	RemoteAgent	WARN	TLS certificate errors will be ignored for this session
JavaScript error: https://cloud.tenable.com/shell/app-TIOUIV1220317165945062503001331MA01788.js, line 1: InternalError: too much recursion
JavaScript error: https://cloud.tenable.com/shell/3935-f1c250cafa40bc433898.js, line 2: Error: Minified React error #152; visit https://reactjs.org/docs/error-decoder.html?invariant=152&args[]=Xo for the full message or use the non-minified dev environment for full errors and additional helpful warnings.
JavaScript error: https://cloud.tenable.com/shell/app-TIOUIV1220317165945062503001331MA01788.js, line 1: ChunkLoadError: Loading chunk 7774 failed.
(error: https://cloud.tenable.com/shell/7774-1284f187e3e2d4896ef4.js)
JavaScript error: https://cloud.tenable.com/tio/shell/app-TIOUIV1220317165945062503001331MA01788.js, line 1: InternalError: too much recursion
JavaScript error: , line 0: NotFoundError: Could not move source file(C:\Users\shivam_acharya\AppData\Local\Temp\rust_mozprofilewJjXEg\bookmarkbackups\bookmarks-2022-03-21_11_J2VlKvRVLUc-q0Io3Fp+jQ==.jsonlz4) because it does not exist
JavaScript error: , line 0: NS_ERROR_NOT_AVAILABLE
1647946591555	Marionette	INFO	Stopped listening on port 55608
console.warn: TopSitesFeed: Failed to fetch data from Contile server: NetworkError when attempting to fetch resource.
1648014229437	geckodriver	INFO	Listening on 127.0.0.1:59768
1648014234162	mozrunner::runner	INFO	Running command: "C:\\Program Files\\Mozilla Firefox\\firefox.exe" "--marionette" "--remote-debugging-port" "59769" "-no-remote" "-profile" "C:\\Users\\SHIVAM~1\\AppData\\Local\\Temp\\rust_mozprofilefBy7fR"
1648014243758	Marionette	INFO	Marionette enabled
console.warn: SearchSettings: "get: No settings file exists, new profile?" (new NotFoundError("Could not open the file at C:\\Users\\shivam_acharya\\AppData\\Local\\Temp\\rust_mozprofilefBy7fR\\search.json.mozlz4", (void 0)))
DevTools listening on ws://localhost:59769/devtools/browser/67efe6c7-5498-4f2d-86a3-60cf2bff8f9a
1648014281818	Marionette	INFO	Listening on port 59777
1648014282342	RemoteAgent	WARN	TLS certificate errors will be ignored for this session
1648014370199	Marionette	INFO	Stopped listening on port 59777
console.warn: TopSitesFeed: Failed to fetch data from Contile server: NetworkError when attempting to fetch resource.
1648014423976	geckodriver	INFO	Listening on 127.0.0.1:58324
1648014427188	mozrunner::runner	INFO	Running command: "C:\\Program Files\\Mozilla Firefox\\firefox.exe" "--marionette" "--remote-debugging-port" "58325" "-no-remote" "-profile" "C:\\Users\\SHIVAM~1\\AppData\\Local\\Temp\\rust_mozprofile360eJU"
1648014431953	Marionette	INFO	Marionette enabled
console.warn: SearchSettings: "get: No settings file exists, new profile?" (new NotFoundError("Could not open the file at C:\\Users\\shivam_acharya\\AppData\\Local\\Temp\\rust_mozprofile360eJU\\search.json.mozlz4", (void 0)))
console.error: Region.jsm: "Error fetching region" (new Error("TIMEOUT", "resource://gre/modules/Region.jsm", 772))
console.error: Region.jsm: "Failed to fetch region" (new Error("TIMEOUT", "resource://gre/modules/Region.jsm", 419))
DevTools listening on ws://localhost:58325/devtools/browser/a42c096f-52ee-438a-a4e7-9f6b0d5141fe
1648014460566	Marionette	INFO	Listening on port 58331
1648014460983	RemoteAgent	WARN	TLS certificate errors will be ignored for this session
JavaScript error: https://cloud.tenable.com/tio/shell/app-TIOUIV1220322182548062503001338MA01797.js, line 1: InternalError: too much recursion
1648014506335	Marionette	INFO	Stopped listening on port 58331

###!!! [Child][PContentChild] Error: RunMessage(msgname=PHttpChannel::Msg_DeleteSelf) Channel closing: too late to send/recv, messages will be lost


###!!! [Child][PContentChild] Error: RunMessage(msgname=PHttpChannel::Msg_DeleteSelf) Channel closing: too late to send/recv, messages will be lost


###!!! [Child][PContentChild] Error: Send(msgname=PBrowser::Msg___delete__) Channel closing: too late to send/recv, messages will be lost


###!!! [Parent][PContentParent] Error: Send(msgname=PContent::Msg_DestroyBrowsingContextGroup) Closed channel: cannot send/recv

JavaScript error: resource://gre/modules/Sqlite.jsm, line 1105: Error: Sqlite.jsm has been shutdown. Cannot open connection to: C:\Users\shivam_acharya\AppData\Local\Temp\rust_mozprofile360eJU\protections.sqlite

###!!! [Parent][PGPUParent] Error: RunMessage(msgname=PGPU::Msg_ShutdownVR) Channel closing: too late to send/recv, messages will be lost

